srun: Job step aborted: Waiting up to 32 seconds for job step to finish.
slurmstepd: error: *** STEP 4480.27 ON n01 CANCELLED AT 2018-10-06T18:40:12 ***
srun: error: n04: task 3: Exited with exit code 1
srun: error: n02: task 1: Exited with exit code 1
srun: error: n01: task 0: Exited with exit code 1
srun: error: n03: task 2: Exited with exit code 1

real	3m18.867s
user	0m0.012s
sys	0m0.018s
